  window.cpp
  vertexarray.cpp
c:\users\josh\documents\github\repos\advancedgameprogrammingengine\praise_the_alihan_2\praise_the_alihan_2\vertexarray.cpp(18): warning C4018: '<': signed/unsigned mismatch
  vec4.cpp
  vec3.cpp
  vec2.cpp
  timer.cpp
  MainIntegration.cpp
c:\program files (x86)\windows kits\8.1\include\shared\minwindef.h(130): warning C4005: 'APIENTRY': macro redefinition
  c:\users\josh\documents\github\repos\advancedgameprogrammingengine\praise_the_alihan_2\dependencies\glfw\include\glfw\glfw3.h(98): note: see previous definition of 'APIENTRY'
c:\users\josh\documents\github\repos\advancedgameprogrammingengine\praise_the_alihan_2\dependencies\debugger\stackwalker.h(122): warning C4091: 'typedef ': ignored on left of 'StackWalker::CallstackEntryType' when no variable is declared
c:\users\josh\documents\github\repos\advancedgameprogrammingengine\praise_the_alihan_2\praise_the_alihan_2\mainintegration.cpp(53): warning C4101: 'y': unreferenced local variable
c:\users\josh\documents\github\repos\advancedgameprogrammingengine\praise_the_alihan_2\praise_the_alihan_2\mainintegration.cpp(53): warning C4101: 'x': unreferenced local variable
  simple2drenderer.cpp
  shader.cpp
  Scene.cpp
c:\users\josh\documents\github\repos\advancedgameprogrammingengine\praise_the_alihan_2\dependencies\ode-0.14\include\ode\odecpp_collision.h(386): warning C4068: unknown pragma
c:\users\josh\documents\github\repos\advancedgameprogrammingengine\praise_the_alihan_2\dependencies\ode-0.14\include\ode\odecpp_collision.h(387): warning C4068: unknown pragma
c:\users\josh\documents\github\repos\advancedgameprogrammingengine\praise_the_alihan_2\dependencies\ode-0.14\include\ode\odecpp_collision.h(399): warning C4068: unknown pragma
c:\users\josh\documents\github\repos\advancedgameprogrammingengine\praise_the_alihan_2\dependencies\ode-0.14\include\ode\odecpp_collision.h(421): warning C4068: unknown pragma
c:\users\josh\documents\github\repos\advancedgameprogrammingengine\praise_the_alihan_2\dependencies\ode-0.14\include\ode\odecpp_collision.h(422): warning C4068: unknown pragma
c:\users\josh\documents\github\repos\advancedgameprogrammingengine\praise_the_alihan_2\dependencies\ode-0.14\include\ode\odecpp_collision.h(461): warning C4068: unknown pragma
c:\program files (x86)\windows kits\10\include\10.0.10240.0\ucrt\math.h(1001): warning C4005: 'M_PI': macro redefinition
  c:\users\josh\documents\github\repos\advancedgameprogrammingengine\praise_the_alihan_2\dependencies\ode-0.14\include\ode\common.h(44): note: see previous definition of 'M_PI'
c:\program files (x86)\windows kits\10\include\10.0.10240.0\ucrt\math.h(1002): warning C4005: 'M_PI_2': macro redefinition
  c:\users\josh\documents\github\repos\advancedgameprogrammingengine\praise_the_alihan_2\dependencies\ode-0.14\include\ode\common.h(47): note: see previous definition of 'M_PI_2'
c:\program files (x86)\windows kits\10\include\10.0.10240.0\ucrt\math.h(1008): warning C4005: 'M_SQRT1_2': macro redefinition
  c:\users\josh\documents\github\repos\advancedgameprogrammingengine\praise_the_alihan_2\dependencies\ode-0.14\include\ode\common.h(50): note: see previous definition of 'M_SQRT1_2'
c:\users\josh\documents\github\repos\advancedgameprogrammingengine\praise_the_alihan_2\praise_the_alihan_2\scene.cpp(62): warning C4244: 'argument': conversion from 'double' to 'const float', possible loss of data
c:\users\josh\documents\github\repos\advancedgameprogrammingengine\praise_the_alihan_2\praise_the_alihan_2\scene.cpp(63): warning C4244: 'argument': conversion from 'double' to 'const float', possible loss of data
  mat4.cpp
  input.cpp
  indexbuffer.cpp
  GameObject.cpp
c:\users\josh\documents\github\repos\advancedgameprogrammingengine\praise_the_alihan_2\dependencies\ode-0.14\include\ode\odecpp_collision.h(386): warning C4068: unknown pragma
c:\users\josh\documents\github\repos\advancedgameprogrammingengine\praise_the_alihan_2\dependencies\ode-0.14\include\ode\odecpp_collision.h(387): warning C4068: unknown pragma
c:\users\josh\documents\github\repos\advancedgameprogrammingengine\praise_the_alihan_2\dependencies\ode-0.14\include\ode\odecpp_collision.h(399): warning C4068: unknown pragma
c:\users\josh\documents\github\repos\advancedgameprogrammingengine\praise_the_alihan_2\dependencies\ode-0.14\include\ode\odecpp_collision.h(421): warning C4068: unknown pragma
c:\users\josh\documents\github\repos\advancedgameprogrammingengine\praise_the_alihan_2\dependencies\ode-0.14\include\ode\odecpp_collision.h(422): warning C4068: unknown pragma
c:\users\josh\documents\github\repos\advancedgameprogrammingengine\praise_the_alihan_2\dependencies\ode-0.14\include\ode\odecpp_collision.h(461): warning C4068: unknown pragma
c:\program files (x86)\windows kits\10\include\10.0.10240.0\ucrt\math.h(1001): warning C4005: 'M_PI': macro redefinition
  c:\users\josh\documents\github\repos\advancedgameprogrammingengine\praise_the_alihan_2\dependencies\ode-0.14\include\ode\common.h(44): note: see previous definition of 'M_PI'
c:\program files (x86)\windows kits\10\include\10.0.10240.0\ucrt\math.h(1002): warning C4005: 'M_PI_2': macro redefinition
  c:\users\josh\documents\github\repos\advancedgameprogrammingengine\praise_the_alihan_2\dependencies\ode-0.14\include\ode\common.h(47): note: see previous definition of 'M_PI_2'
c:\program files (x86)\windows kits\10\include\10.0.10240.0\ucrt\math.h(1008): warning C4005: 'M_SQRT1_2': macro redefinition
  c:\users\josh\documents\github\repos\advancedgameprogrammingengine\praise_the_alihan_2\dependencies\ode-0.14\include\ode\common.h(50): note: see previous definition of 'M_SQRT1_2'
c:\users\josh\documents\github\repos\advancedgameprogrammingengine\praise_the_alihan_2\praise_the_alihan_2\gameobject.cpp(37): warning C4244: 'argument': conversion from 'double' to 'const float', possible loss of data
  buffer.cpp
  Texture_Manager.cpp
  Sound_Manager.cpp
  Resource_Holder.cpp
  Font_Manager.cpp
  StackWalker.cpp
c:\users\josh\documents\github\repos\advancedgameprogrammingengine\praise_the_alihan_2\dependencies\debugger\stackwalker.h(122): warning C4091: 'typedef ': ignored on left of 'StackWalker::CallstackEntryType' when no variable is declared
c:\program files (x86)\windows kits\8.1\include\um\dbghelp.h(1544): warning C4091: 'typedef ': ignored on left of '' when no variable is declared
c:\program files (x86)\windows kits\8.1\include\um\dbghelp.h(3190): warning C4091: 'typedef ': ignored on left of '' when no variable is declared
c:\users\josh\documents\github\repos\advancedgameprogrammingengine\praise_the_alihan_2\dependencies\debugger\stackwalker.cpp(356): warning C4091: 'typedef ': ignored on left of 'StackWalkerInternal::IMAGEHLP_MODULE64_V2' when no variable is declared
  Generating Code...
c:\users\josh\documents\github\repos\advancedgameprogrammingengine\praise_the_alihan_2\praise_the_alihan_2\gameobject.cpp(694): warning C4715: 'GameObject::getData': not all control paths return a value
c:\users\josh\documents\github\repos\advancedgameprogrammingengine\praise_the_alihan_2\praise_the_alihan_2\scene.cpp(101): warning C4715: 'Scene::getWorldID': not all control paths return a value
c:\users\josh\documents\github\repos\advancedgameprogrammingengine\praise_the_alihan_2\praise_the_alihan_2\scene.cpp(109): warning C4715: 'Scene::getSpaceID': not all control paths return a value
LINK : warning LNK4098: defaultlib 'MSVCRT' conflicts with use of other libs; use /NODEFAULTLIB:library
LINK : warning LNK4098: defaultlib 'LIBCMT' conflicts with use of other libs; use /NODEFAULTLIB:library
ode_doubled.lib(amotor.obj) : warning LNK4099: PDB 'ode.pdb' was not found with 'ode_doubled.lib(amotor.obj)' or at 'C:\Users\Josh\Documents\GitHub\repos\AdvancedGameProgrammingEngine\PRAISE_THE_ALIHAN_2\Debug\ode.pdb'; linking object as if no debug info
ode_doubled.lib(ball.obj) : warning LNK4099: PDB 'ode.pdb' was not found with 'ode_doubled.lib(ball.obj)' or at 'C:\Users\Josh\Documents\GitHub\repos\AdvancedGameProgrammingEngine\PRAISE_THE_ALIHAN_2\Debug\ode.pdb'; linking object as if no debug info
ode_doubled.lib(contact.obj) : warning LNK4099: PDB 'ode.pdb' was not found with 'ode_doubled.lib(contact.obj)' or at 'C:\Users\Josh\Documents\GitHub\repos\AdvancedGameProgrammingEngine\PRAISE_THE_ALIHAN_2\Debug\ode.pdb'; linking object as if no debug info
ode_doubled.lib(dball.obj) : warning LNK4099: PDB 'ode.pdb' was not found with 'ode_doubled.lib(dball.obj)' or at 'C:\Users\Josh\Documents\GitHub\repos\AdvancedGameProgrammingEngine\PRAISE_THE_ALIHAN_2\Debug\ode.pdb'; linking object as if no debug info
ode_doubled.lib(dhinge.obj) : warning LNK4099: PDB 'ode.pdb' was not found with 'ode_doubled.lib(dhinge.obj)' or at 'C:\Users\Josh\Documents\GitHub\repos\AdvancedGameProgrammingEngine\PRAISE_THE_ALIHAN_2\Debug\ode.pdb'; linking object as if no debug info
ode_doubled.lib(fixed.obj) : warning LNK4099: PDB 'ode.pdb' was not found with 'ode_doubled.lib(fixed.obj)' or at 'C:\Users\Josh\Documents\GitHub\repos\AdvancedGameProgrammingEngine\PRAISE_THE_ALIHAN_2\Debug\ode.pdb'; linking object as if no debug info
ode_doubled.lib(hinge.obj) : warning LNK4099: PDB 'ode.pdb' was not found with 'ode_doubled.lib(hinge.obj)' or at 'C:\Users\Josh\Documents\GitHub\repos\AdvancedGameProgrammingEngine\PRAISE_THE_ALIHAN_2\Debug\ode.pdb'; linking object as if no debug info
ode_doubled.lib(hinge2.obj) : warning LNK4099: PDB 'ode.pdb' was not found with 'ode_doubled.lib(hinge2.obj)' or at 'C:\Users\Josh\Documents\GitHub\repos\AdvancedGameProgrammingEngine\PRAISE_THE_ALIHAN_2\Debug\ode.pdb'; linking object as if no debug info
ode_doubled.lib(joint.obj) : warning LNK4099: PDB 'ode.pdb' was not found with 'ode_doubled.lib(joint.obj)' or at 'C:\Users\Josh\Documents\GitHub\repos\AdvancedGameProgrammingEngine\PRAISE_THE_ALIHAN_2\Debug\ode.pdb'; linking object as if no debug info
ode_doubled.lib(lmotor.obj) : warning LNK4099: PDB 'ode.pdb' was not found with 'ode_doubled.lib(lmotor.obj)' or at 'C:\Users\Josh\Documents\GitHub\repos\AdvancedGameProgrammingEngine\PRAISE_THE_ALIHAN_2\Debug\ode.pdb'; linking object as if no debug info
ode_doubled.lib(null.obj) : warning LNK4099: PDB 'ode.pdb' was not found with 'ode_doubled.lib(null.obj)' or at 'C:\Users\Josh\Documents\GitHub\repos\AdvancedGameProgrammingEngine\PRAISE_THE_ALIHAN_2\Debug\ode.pdb'; linking object as if no debug info
ode_doubled.lib(piston.obj) : warning LNK4099: PDB 'ode.pdb' was not found with 'ode_doubled.lib(piston.obj)' or at 'C:\Users\Josh\Documents\GitHub\repos\AdvancedGameProgrammingEngine\PRAISE_THE_ALIHAN_2\Debug\ode.pdb'; linking object as if no debug info
ode_doubled.lib(plane2d.obj) : warning LNK4099: PDB 'ode.pdb' was not found with 'ode_doubled.lib(plane2d.obj)' or at 'C:\Users\Josh\Documents\GitHub\repos\AdvancedGameProgrammingEngine\PRAISE_THE_ALIHAN_2\Debug\ode.pdb'; linking object as if no debug info
ode_doubled.lib(pr.obj) : warning LNK4099: PDB 'ode.pdb' was not found with 'ode_doubled.lib(pr.obj)' or at 'C:\Users\Josh\Documents\GitHub\repos\AdvancedGameProgrammingEngine\PRAISE_THE_ALIHAN_2\Debug\ode.pdb'; linking object as if no debug info
ode_doubled.lib(pu.obj) : warning LNK4099: PDB 'ode.pdb' was not found with 'ode_doubled.lib(pu.obj)' or at 'C:\Users\Josh\Documents\GitHub\repos\AdvancedGameProgrammingEngine\PRAISE_THE_ALIHAN_2\Debug\ode.pdb'; linking object as if no debug info
ode_doubled.lib(slider.obj) : warning LNK4099: PDB 'ode.pdb' was not found with 'ode_doubled.lib(slider.obj)' or at 'C:\Users\Josh\Documents\GitHub\repos\AdvancedGameProgrammingEngine\PRAISE_THE_ALIHAN_2\Debug\ode.pdb'; linking object as if no debug info
ode_doubled.lib(transmission.obj) : warning LNK4099: PDB 'ode.pdb' was not found with 'ode_doubled.lib(transmission.obj)' or at 'C:\Users\Josh\Documents\GitHub\repos\AdvancedGameProgrammingEngine\PRAISE_THE_ALIHAN_2\Debug\ode.pdb'; linking object as if no debug info
ode_doubled.lib(universal.obj) : warning LNK4099: PDB 'ode.pdb' was not found with 'ode_doubled.lib(universal.obj)' or at 'C:\Users\Josh\Documents\GitHub\repos\AdvancedGameProgrammingEngine\PRAISE_THE_ALIHAN_2\Debug\ode.pdb'; linking object as if no debug info
ode_doubled.lib(fastdot.obj) : warning LNK4099: PDB 'ode.pdb' was not found with 'ode_doubled.lib(fastdot.obj)' or at 'C:\Users\Josh\Documents\GitHub\repos\AdvancedGameProgrammingEngine\PRAISE_THE_ALIHAN_2\Debug\ode.pdb'; linking object as if no debug info
ode_doubled.lib(fastldlt.obj) : warning LNK4099: PDB 'ode.pdb' was not found with 'ode_doubled.lib(fastldlt.obj)' or at 'C:\Users\Josh\Documents\GitHub\repos\AdvancedGameProgrammingEngine\PRAISE_THE_ALIHAN_2\Debug\ode.pdb'; linking object as if no debug info
ode_doubled.lib(fastlsolve.obj) : warning LNK4099: PDB 'ode.pdb' was not found with 'ode_doubled.lib(fastlsolve.obj)' or at 'C:\Users\Josh\Documents\GitHub\repos\AdvancedGameProgrammingEngine\PRAISE_THE_ALIHAN_2\Debug\ode.pdb'; linking object as if no debug info
ode_doubled.lib(fastltsolve.obj) : warning LNK4099: PDB 'ode.pdb' was not found with 'ode_doubled.lib(fastltsolve.obj)' or at 'C:\Users\Josh\Documents\GitHub\repos\AdvancedGameProgrammingEngine\PRAISE_THE_ALIHAN_2\Debug\ode.pdb'; linking object as if no debug info
ode_doubled.lib(array.obj) : warning LNK4099: PDB 'ode.pdb' was not found with 'ode_doubled.lib(array.obj)' or at 'C:\Users\Josh\Documents\GitHub\repos\AdvancedGameProgrammingEngine\PRAISE_THE_ALIHAN_2\Debug\ode.pdb'; linking object as if no debug info
ode_doubled.lib(box.obj) : warning LNK4099: PDB 'ode.pdb' was not found with 'ode_doubled.lib(box.obj)' or at 'C:\Users\Josh\Documents\GitHub\repos\AdvancedGameProgrammingEngine\PRAISE_THE_ALIHAN_2\Debug\ode.pdb'; linking object as if no debug info
ode_doubled.lib(capsule.obj) : warning LNK4099: PDB 'ode.pdb' was not found with 'ode_doubled.lib(capsule.obj)' or at 'C:\Users\Josh\Documents\GitHub\repos\AdvancedGameProgrammingEngine\PRAISE_THE_ALIHAN_2\Debug\ode.pdb'; linking object as if no debug info
ode_doubled.lib(collision_convex_trimesh.obj) : warning LNK4099: PDB 'ode.pdb' was not found with 'ode_doubled.lib(collision_convex_trimesh.obj)' or at 'C:\Users\Josh\Documents\GitHub\repos\AdvancedGameProgrammingEngine\PRAISE_THE_ALIHAN_2\Debug\ode.pdb'; linking object as if no debug info
ode_doubled.lib(collision_cylinder_box.obj) : warning LNK4099: PDB 'ode.pdb' was not found with 'ode_doubled.lib(collision_cylinder_box.obj)' or at 'C:\Users\Josh\Documents\GitHub\repos\AdvancedGameProgrammingEngine\PRAISE_THE_ALIHAN_2\Debug\ode.pdb'; linking object as if no debug info
ode_doubled.lib(collision_cylinder_plane.obj) : warning LNK4099: PDB 'ode.pdb' was not found with 'ode_doubled.lib(collision_cylinder_plane.obj)' or at 'C:\Users\Josh\Documents\GitHub\repos\AdvancedGameProgrammingEngine\PRAISE_THE_ALIHAN_2\Debug\ode.pdb'; linking object as if no debug info
ode_doubled.lib(collision_cylinder_sphere.obj) : warning LNK4099: PDB 'ode.pdb' was not found with 'ode_doubled.lib(collision_cylinder_sphere.obj)' or at 'C:\Users\Josh\Documents\GitHub\repos\AdvancedGameProgrammingEngine\PRAISE_THE_ALIHAN_2\Debug\ode.pdb'; linking object as if no debug info
ode_doubled.lib(collision_cylinder_trimesh.obj) : warning LNK4099: PDB 'ode.pdb' was not found with 'ode_doubled.lib(collision_cylinder_trimesh.obj)' or at 'C:\Users\Josh\Documents\GitHub\repos\AdvancedGameProgrammingEngine\PRAISE_THE_ALIHAN_2\Debug\ode.pdb'; linking object as if no debug info
ode_doubled.lib(collision_kernel.obj) : warning LNK4099: PDB 'ode.pdb' was not found with 'ode_doubled.lib(collision_kernel.obj)' or at 'C:\Users\Josh\Documents\GitHub\repos\AdvancedGameProgrammingEngine\PRAISE_THE_ALIHAN_2\Debug\ode.pdb'; linking object as if no debug info
ode_doubled.lib(collision_space.obj) : warning LNK4099: PDB 'ode.pdb' was not found with 'ode_doubled.lib(collision_space.obj)' or at 'C:\Users\Josh\Documents\GitHub\repos\AdvancedGameProgrammingEngine\PRAISE_THE_ALIHAN_2\Debug\ode.pdb'; linking object as if no debug info
ode_doubled.lib(collision_transform.obj) : warning LNK4099: PDB 'ode.pdb' was not found with 'ode_doubled.lib(collision_transform.obj)' or at 'C:\Users\Josh\Documents\GitHub\repos\AdvancedGameProgrammingEngine\PRAISE_THE_ALIHAN_2\Debug\ode.pdb'; linking object as if no debug info
ode_doubled.lib(collision_trimesh_box.obj) : warning LNK4099: PDB 'ode.pdb' was not found with 'ode_doubled.lib(collision_trimesh_box.obj)' or at 'C:\Users\Josh\Documents\GitHub\repos\AdvancedGameProgrammingEngine\PRAISE_THE_ALIHAN_2\Debug\ode.pdb'; linking object as if no debug info
ode_doubled.lib(collision_trimesh_ccylinder.obj) : warning LNK4099: PDB 'ode.pdb' was not found with 'ode_doubled.lib(collision_trimesh_ccylinder.obj)' or at 'C:\Users\Josh\Documents\GitHub\repos\AdvancedGameProgrammingEngine\PRAISE_THE_ALIHAN_2\Debug\ode.pdb'; linking object as if no debug info
ode_doubled.lib(collision_trimesh_opcode.obj) : warning LNK4099: PDB 'ode.pdb' was not found with 'ode_doubled.lib(collision_trimesh_opcode.obj)' or at 'C:\Users\Josh\Documents\GitHub\repos\AdvancedGameProgrammingEngine\PRAISE_THE_ALIHAN_2\Debug\ode.pdb'; linking object as if no debug info
ode_doubled.lib(collision_trimesh_plane.obj) : warning LNK4099: PDB 'ode.pdb' was not found with 'ode_doubled.lib(collision_trimesh_plane.obj)' or at 'C:\Users\Josh\Documents\GitHub\repos\AdvancedGameProgrammingEngine\PRAISE_THE_ALIHAN_2\Debug\ode.pdb'; linking object as if no debug info
ode_doubled.lib(collision_trimesh_ray.obj) : warning LNK4099: PDB 'ode.pdb' was not found with 'ode_doubled.lib(collision_trimesh_ray.obj)' or at 'C:\Users\Josh\Documents\GitHub\repos\AdvancedGameProgrammingEngine\PRAISE_THE_ALIHAN_2\Debug\ode.pdb'; linking object as if no debug info
ode_doubled.lib(collision_trimesh_sphere.obj) : warning LNK4099: PDB 'ode.pdb' was not found with 'ode_doubled.lib(collision_trimesh_sphere.obj)' or at 'C:\Users\Josh\Documents\GitHub\repos\AdvancedGameProgrammingEngine\PRAISE_THE_ALIHAN_2\Debug\ode.pdb'; linking object as if no debug info
ode_doubled.lib(collision_trimesh_trimesh_new.obj) : warning LNK4099: PDB 'ode.pdb' was not found with 'ode_doubled.lib(collision_trimesh_trimesh_new.obj)' or at 'C:\Users\Josh\Documents\GitHub\repos\AdvancedGameProgrammingEngine\PRAISE_THE_ALIHAN_2\Debug\ode.pdb'; linking object as if no debug info
ode_doubled.lib(collision_util.obj) : warning LNK4099: PDB 'ode.pdb' was not found with 'ode_doubled.lib(collision_util.obj)' or at 'C:\Users\Josh\Documents\GitHub\repos\AdvancedGameProgrammingEngine\PRAISE_THE_ALIHAN_2\Debug\ode.pdb'; linking object as if no debug info
ode_doubled.lib(convex.obj) : warning LNK4099: PDB 'ode.pdb' was not found with 'ode_doubled.lib(convex.obj)' or at 'C:\Users\Josh\Documents\GitHub\repos\AdvancedGameProgrammingEngine\PRAISE_THE_ALIHAN_2\Debug\ode.pdb'; linking object as if no debug info
ode_doubled.lib(cylinder.obj) : warning LNK4099: PDB 'ode.pdb' was not found with 'ode_doubled.lib(cylinder.obj)' or at 'C:\Users\Josh\Documents\GitHub\repos\AdvancedGameProgrammingEngine\PRAISE_THE_ALIHAN_2\Debug\ode.pdb'; linking object as if no debug info
ode_doubled.lib(error.obj) : warning LNK4099: PDB 'ode.pdb' was not found with 'ode_doubled.lib(error.obj)' or at 'C:\Users\Josh\Documents\GitHub\repos\AdvancedGameProgrammingEngine\PRAISE_THE_ALIHAN_2\Debug\ode.pdb'; linking object as if no debug info
ode_doubled.lib(export-dif.obj) : warning LNK4099: PDB 'ode.pdb' was not found with 'ode_doubled.lib(export-dif.obj)' or at 'C:\Users\Josh\Documents\GitHub\repos\AdvancedGameProgrammingEngine\PRAISE_THE_ALIHAN_2\Debug\ode.pdb'; linking object as if no debug info
ode_doubled.lib(heightfield.obj) : warning LNK4099: PDB 'ode.pdb' was not found with 'ode_doubled.lib(heightfield.obj)' or at 'C:\Users\Josh\Documents\GitHub\repos\AdvancedGameProgrammingEngine\PRAISE_THE_ALIHAN_2\Debug\ode.pdb'; linking object as if no debug info
ode_doubled.lib(lcp.obj) : warning LNK4099: PDB 'ode.pdb' was not found with 'ode_doubled.lib(lcp.obj)' or at 'C:\Users\Josh\Documents\GitHub\repos\AdvancedGameProgrammingEngine\PRAISE_THE_ALIHAN_2\Debug\ode.pdb'; linking object as if no debug info
ode_doubled.lib(mass.obj) : warning LNK4099: PDB 'ode.pdb' was not found with 'ode_doubled.lib(mass.obj)' or at 'C:\Users\Josh\Documents\GitHub\repos\AdvancedGameProgrammingEngine\PRAISE_THE_ALIHAN_2\Debug\ode.pdb'; linking object as if no debug info
ode_doubled.lib(matrix.obj) : warning LNK4099: PDB 'ode.pdb' was not found with 'ode_doubled.lib(matrix.obj)' or at 'C:\Users\Josh\Documents\GitHub\repos\AdvancedGameProgrammingEngine\PRAISE_THE_ALIHAN_2\Debug\ode.pdb'; linking object as if no debug info
ode_doubled.lib(memory.obj) : warning LNK4099: PDB 'ode.pdb' was not found with 'ode_doubled.lib(memory.obj)' or at 'C:\Users\Josh\Documents\GitHub\repos\AdvancedGameProgrammingEngine\PRAISE_THE_ALIHAN_2\Debug\ode.pdb'; linking object as if no debug info
ode_doubled.lib(misc.obj) : warning LNK4099: PDB 'ode.pdb' was not found with 'ode_doubled.lib(misc.obj)' or at 'C:\Users\Josh\Documents\GitHub\repos\AdvancedGameProgrammingEngine\PRAISE_THE_ALIHAN_2\Debug\ode.pdb'; linking object as if no debug info
ode_doubled.lib(objects.obj) : warning LNK4099: PDB 'ode.pdb' was not found with 'ode_doubled.lib(objects.obj)' or at 'C:\Users\Josh\Documents\GitHub\repos\AdvancedGameProgrammingEngine\PRAISE_THE_ALIHAN_2\Debug\ode.pdb'; linking object as if no debug info
ode_doubled.lib(obstack.obj) : warning LNK4099: PDB 'ode.pdb' was not found with 'ode_doubled.lib(obstack.obj)' or at 'C:\Users\Josh\Documents\GitHub\repos\AdvancedGameProgrammingEngine\PRAISE_THE_ALIHAN_2\Debug\ode.pdb'; linking object as if no debug info
ode_doubled.lib(ode.obj) : warning LNK4099: PDB 'ode.pdb' was not found with 'ode_doubled.lib(ode.obj)' or at 'C:\Users\Josh\Documents\GitHub\repos\AdvancedGameProgrammingEngine\PRAISE_THE_ALIHAN_2\Debug\ode.pdb'; linking object as if no debug info
ode_doubled.lib(odeinit.obj) : warning LNK4099: PDB 'ode.pdb' was not found with 'ode_doubled.lib(odeinit.obj)' or at 'C:\Users\Josh\Documents\GitHub\repos\AdvancedGameProgrammingEngine\PRAISE_THE_ALIHAN_2\Debug\ode.pdb'; linking object as if no debug info
ode_doubled.lib(odemath.obj) : warning LNK4099: PDB 'ode.pdb' was not found with 'ode_doubled.lib(odemath.obj)' or at 'C:\Users\Josh\Documents\GitHub\repos\AdvancedGameProgrammingEngine\PRAISE_THE_ALIHAN_2\Debug\ode.pdb'; linking object as if no debug info
ode_doubled.lib(odeou.obj) : warning LNK4099: PDB 'ode.pdb' was not found with 'ode_doubled.lib(odeou.obj)' or at 'C:\Users\Josh\Documents\GitHub\repos\AdvancedGameProgrammingEngine\PRAISE_THE_ALIHAN_2\Debug\ode.pdb'; linking object as if no debug info
ode_doubled.lib(plane.obj) : warning LNK4099: PDB 'ode.pdb' was not found with 'ode_doubled.lib(plane.obj)' or at 'C:\Users\Josh\Documents\GitHub\repos\AdvancedGameProgrammingEngine\PRAISE_THE_ALIHAN_2\Debug\ode.pdb'; linking object as if no debug info
ode_doubled.lib(quickstep.obj) : warning LNK4099: PDB 'ode.pdb' was not found with 'ode_doubled.lib(quickstep.obj)' or at 'C:\Users\Josh\Documents\GitHub\repos\AdvancedGameProgrammingEngine\PRAISE_THE_ALIHAN_2\Debug\ode.pdb'; linking object as if no debug info
ode_doubled.lib(ray.obj) : warning LNK4099: PDB 'ode.pdb' was not found with 'ode_doubled.lib(ray.obj)' or at 'C:\Users\Josh\Documents\GitHub\repos\AdvancedGameProgrammingEngine\PRAISE_THE_ALIHAN_2\Debug\ode.pdb'; linking object as if no debug info
ode_doubled.lib(rotation.obj) : warning LNK4099: PDB 'ode.pdb' was not found with 'ode_doubled.lib(rotation.obj)' or at 'C:\Users\Josh\Documents\GitHub\repos\AdvancedGameProgrammingEngine\PRAISE_THE_ALIHAN_2\Debug\ode.pdb'; linking object as if no debug info
ode_doubled.lib(sphere.obj) : warning LNK4099: PDB 'ode.pdb' was not found with 'ode_doubled.lib(sphere.obj)' or at 'C:\Users\Josh\Documents\GitHub\repos\AdvancedGameProgrammingEngine\PRAISE_THE_ALIHAN_2\Debug\ode.pdb'; linking object as if no debug info
ode_doubled.lib(step.obj) : warning LNK4099: PDB 'ode.pdb' was not found with 'ode_doubled.lib(step.obj)' or at 'C:\Users\Josh\Documents\GitHub\repos\AdvancedGameProgrammingEngine\PRAISE_THE_ALIHAN_2\Debug\ode.pdb'; linking object as if no debug info
ode_doubled.lib(threading_base.obj) : warning LNK4099: PDB 'ode.pdb' was not found with 'ode_doubled.lib(threading_base.obj)' or at 'C:\Users\Josh\Documents\GitHub\repos\AdvancedGameProgrammingEngine\PRAISE_THE_ALIHAN_2\Debug\ode.pdb'; linking object as if no debug info
ode_doubled.lib(threading_impl.obj) : warning LNK4099: PDB 'ode.pdb' was not found with 'ode_doubled.lib(threading_impl.obj)' or at 'C:\Users\Josh\Documents\GitHub\repos\AdvancedGameProgrammingEngine\PRAISE_THE_ALIHAN_2\Debug\ode.pdb'; linking object as if no debug info
ode_doubled.lib(timer.obj) : warning LNK4099: PDB 'ode.pdb' was not found with 'ode_doubled.lib(timer.obj)' or at 'C:\Users\Josh\Documents\GitHub\repos\AdvancedGameProgrammingEngine\PRAISE_THE_ALIHAN_2\Debug\ode.pdb'; linking object as if no debug info
ode_doubled.lib(util.obj) : warning LNK4099: PDB 'ode.pdb' was not found with 'ode_doubled.lib(util.obj)' or at 'C:\Users\Josh\Documents\GitHub\repos\AdvancedGameProgrammingEngine\PRAISE_THE_ALIHAN_2\Debug\ode.pdb'; linking object as if no debug info
ode_doubled.lib(customization.obj) : warning LNK4099: PDB 'ode.pdb' was not found with 'ode_doubled.lib(customization.obj)' or at 'C:\Users\Josh\Documents\GitHub\repos\AdvancedGameProgrammingEngine\PRAISE_THE_ALIHAN_2\Debug\ode.pdb'; linking object as if no debug info
ode_doubled.lib(OPC_AABBTree.obj) : warning LNK4099: PDB 'ode.pdb' was not found with 'ode_doubled.lib(OPC_AABBTree.obj)' or at 'C:\Users\Josh\Documents\GitHub\repos\AdvancedGameProgrammingEngine\PRAISE_THE_ALIHAN_2\Debug\ode.pdb'; linking object as if no debug info
ode_doubled.lib(OPC_BaseModel.obj) : warning LNK4099: PDB 'ode.pdb' was not found with 'ode_doubled.lib(OPC_BaseModel.obj)' or at 'C:\Users\Josh\Documents\GitHub\repos\AdvancedGameProgrammingEngine\PRAISE_THE_ALIHAN_2\Debug\ode.pdb'; linking object as if no debug info
ode_doubled.lib(OPC_Collider.obj) : warning LNK4099: PDB 'ode.pdb' was not found with 'ode_doubled.lib(OPC_Collider.obj)' or at 'C:\Users\Josh\Documents\GitHub\repos\AdvancedGameProgrammingEngine\PRAISE_THE_ALIHAN_2\Debug\ode.pdb'; linking object as if no debug info
ode_doubled.lib(OPC_MeshInterface.obj) : warning LNK4099: PDB 'ode.pdb' was not found with 'ode_doubled.lib(OPC_MeshInterface.obj)' or at 'C:\Users\Josh\Documents\GitHub\repos\AdvancedGameProgrammingEngine\PRAISE_THE_ALIHAN_2\Debug\ode.pdb'; linking object as if no debug info
ode_doubled.lib(OPC_Model.obj) : warning LNK4099: PDB 'ode.pdb' was not found with 'ode_doubled.lib(OPC_Model.obj)' or at 'C:\Users\Josh\Documents\GitHub\repos\AdvancedGameProgrammingEngine\PRAISE_THE_ALIHAN_2\Debug\ode.pdb'; linking object as if no debug info
ode_doubled.lib(OPC_OBBCollider.obj) : warning LNK4099: PDB 'ode.pdb' was not found with 'ode_doubled.lib(OPC_OBBCollider.obj)' or at 'C:\Users\Josh\Documents\GitHub\repos\AdvancedGameProgrammingEngine\PRAISE_THE_ALIHAN_2\Debug\ode.pdb'; linking object as if no debug info
ode_doubled.lib(OPC_OptimizedTree.obj) : warning LNK4099: PDB 'ode.pdb' was not found with 'ode_doubled.lib(OPC_OptimizedTree.obj)' or at 'C:\Users\Josh\Documents\GitHub\repos\AdvancedGameProgrammingEngine\PRAISE_THE_ALIHAN_2\Debug\ode.pdb'; linking object as if no debug info
ode_doubled.lib(OPC_RayCollider.obj) : warning LNK4099: PDB 'ode.pdb' was not found with 'ode_doubled.lib(OPC_RayCollider.obj)' or at 'C:\Users\Josh\Documents\GitHub\repos\AdvancedGameProgrammingEngine\PRAISE_THE_ALIHAN_2\Debug\ode.pdb'; linking object as if no debug info
ode_doubled.lib(OPC_SphereCollider.obj) : warning LNK4099: PDB 'ode.pdb' was not found with 'ode_doubled.lib(OPC_SphereCollider.obj)' or at 'C:\Users\Josh\Documents\GitHub\repos\AdvancedGameProgrammingEngine\PRAISE_THE_ALIHAN_2\Debug\ode.pdb'; linking object as if no debug info
ode_doubled.lib(OPC_TreeBuilders.obj) : warning LNK4099: PDB 'ode.pdb' was not found with 'ode_doubled.lib(OPC_TreeBuilders.obj)' or at 'C:\Users\Josh\Documents\GitHub\repos\AdvancedGameProgrammingEngine\PRAISE_THE_ALIHAN_2\Debug\ode.pdb'; linking object as if no debug info
ode_doubled.lib(OPC_TreeCollider.obj) : warning LNK4099: PDB 'ode.pdb' was not found with 'ode_doubled.lib(OPC_TreeCollider.obj)' or at 'C:\Users\Josh\Documents\GitHub\repos\AdvancedGameProgrammingEngine\PRAISE_THE_ALIHAN_2\Debug\ode.pdb'; linking object as if no debug info
ode_doubled.lib(OPC_VolumeCollider.obj) : warning LNK4099: PDB 'ode.pdb' was not found with 'ode_doubled.lib(OPC_VolumeCollider.obj)' or at 'C:\Users\Josh\Documents\GitHub\repos\AdvancedGameProgrammingEngine\PRAISE_THE_ALIHAN_2\Debug\ode.pdb'; linking object as if no debug info
ode_doubled.lib(Opcode.obj) : warning LNK4099: PDB 'ode.pdb' was not found with 'ode_doubled.lib(Opcode.obj)' or at 'C:\Users\Josh\Documents\GitHub\repos\AdvancedGameProgrammingEngine\PRAISE_THE_ALIHAN_2\Debug\ode.pdb'; linking object as if no debug info
ode_doubled.lib(IceAABB.obj) : warning LNK4099: PDB 'ode.pdb' was not found with 'ode_doubled.lib(IceAABB.obj)' or at 'C:\Users\Josh\Documents\GitHub\repos\AdvancedGameProgrammingEngine\PRAISE_THE_ALIHAN_2\Debug\ode.pdb'; linking object as if no debug info
ode_doubled.lib(IceContainer.obj) : warning LNK4099: PDB 'ode.pdb' was not found with 'ode_doubled.lib(IceContainer.obj)' or at 'C:\Users\Josh\Documents\GitHub\repos\AdvancedGameProgrammingEngine\PRAISE_THE_ALIHAN_2\Debug\ode.pdb'; linking object as if no debug info
ode_doubled.lib(IceHPoint.obj) : warning LNK4099: PDB 'ode.pdb' was not found with 'ode_doubled.lib(IceHPoint.obj)' or at 'C:\Users\Josh\Documents\GitHub\repos\AdvancedGameProgrammingEngine\PRAISE_THE_ALIHAN_2\Debug\ode.pdb'; linking object as if no debug info
ode_doubled.lib(IceMatrix3x3.obj) : warning LNK4099: PDB 'ode.pdb' was not found with 'ode_doubled.lib(IceMatrix3x3.obj)' or at 'C:\Users\Josh\Documents\GitHub\repos\AdvancedGameProgrammingEngine\PRAISE_THE_ALIHAN_2\Debug\ode.pdb'; linking object as if no debug info
ode_doubled.lib(IceMatrix4x4.obj) : warning LNK4099: PDB 'ode.pdb' was not found with 'ode_doubled.lib(IceMatrix4x4.obj)' or at 'C:\Users\Josh\Documents\GitHub\repos\AdvancedGameProgrammingEngine\PRAISE_THE_ALIHAN_2\Debug\ode.pdb'; linking object as if no debug info
ode_doubled.lib(IceOBB.obj) : warning LNK4099: PDB 'ode.pdb' was not found with 'ode_doubled.lib(IceOBB.obj)' or at 'C:\Users\Josh\Documents\GitHub\repos\AdvancedGameProgrammingEngine\PRAISE_THE_ALIHAN_2\Debug\ode.pdb'; linking object as if no debug info
ode_doubled.lib(IcePoint.obj) : warning LNK4099: PDB 'ode.pdb' was not found with 'ode_doubled.lib(IcePoint.obj)' or at 'C:\Users\Josh\Documents\GitHub\repos\AdvancedGameProgrammingEngine\PRAISE_THE_ALIHAN_2\Debug\ode.pdb'; linking object as if no debug info
ode_doubled.lib(IceRandom.obj) : warning LNK4099: PDB 'ode.pdb' was not found with 'ode_doubled.lib(IceRandom.obj)' or at 'C:\Users\Josh\Documents\GitHub\repos\AdvancedGameProgrammingEngine\PRAISE_THE_ALIHAN_2\Debug\ode.pdb'; linking object as if no debug info
ode_doubled.lib(body.obj) : warning LNK4099: PDB 'ode.pdb' was not found with 'ode_doubled.lib(body.obj)' or at 'C:\Users\Josh\Documents\GitHub\repos\AdvancedGameProgrammingEngine\PRAISE_THE_ALIHAN_2\Debug\ode.pdb'; linking object as if no debug info
ode_doubled.lib(Matrix3.obj) : warning LNK4099: PDB 'ode.pdb' was not found with 'ode_doubled.lib(Matrix3.obj)' or at 'C:\Users\Josh\Documents\GitHub\repos\AdvancedGameProgrammingEngine\PRAISE_THE_ALIHAN_2\Debug\ode.pdb'; linking object as if no debug info
ode_doubled.lib(Quaternion.obj) : warning LNK4099: PDB 'ode.pdb' was not found with 'ode_doubled.lib(Quaternion.obj)' or at 'C:\Users\Josh\Documents\GitHub\repos\AdvancedGameProgrammingEngine\PRAISE_THE_ALIHAN_2\Debug\ode.pdb'; linking object as if no debug info
ode_doubled.lib(Space.obj) : warning LNK4099: PDB 'ode.pdb' was not found with 'ode_doubled.lib(Space.obj)' or at 'C:\Users\Josh\Documents\GitHub\repos\AdvancedGameProgrammingEngine\PRAISE_THE_ALIHAN_2\Debug\ode.pdb'; linking object as if no debug info
ode_doubled.lib(vector.obj) : warning LNK4099: PDB 'ode.pdb' was not found with 'ode_doubled.lib(vector.obj)' or at 'C:\Users\Josh\Documents\GitHub\repos\AdvancedGameProgrammingEngine\PRAISE_THE_ALIHAN_2\Debug\ode.pdb'; linking object as if no debug info
ode_doubled.lib(world.obj) : warning LNK4099: PDB 'ode.pdb' was not found with 'ode_doubled.lib(world.obj)' or at 'C:\Users\Josh\Documents\GitHub\repos\AdvancedGameProgrammingEngine\PRAISE_THE_ALIHAN_2\Debug\ode.pdb'; linking object as if no debug info
glew32s.lib(glew.obj) : warning LNK4099: PDB 'vc120.pdb' was not found with 'glew32s.lib(glew.obj)' or at 'C:\Users\Josh\Documents\GitHub\repos\AdvancedGameProgrammingEngine\PRAISE_THE_ALIHAN_2\Debug\vc120.pdb'; linking object as if no debug info
  PRAISE_THE_ALIHAN_2.vcxproj -> C:\Users\Josh\Documents\GitHub\repos\AdvancedGameProgrammingEngine\PRAISE_THE_ALIHAN_2\Debug\PRAISE_THE_ALIHAN_2.exe
  PRAISE_THE_ALIHAN_2.vcxproj -> C:\Users\Josh\Documents\GitHub\repos\AdvancedGameProgrammingEngine\PRAISE_THE_ALIHAN_2\Debug\PRAISE_THE_ALIHAN_2.pdb (Partial PDB)
